<?xml version="1.0" encoding="UTF-8"?>
<coverage generated="1776534215785" clover="3.2.0">
  <project timestamp="1776534215785" name="All files">
    <metrics statements="41" coveredstatements="37" conditionals="34" coveredconditionals="19" methods="12" coveredmethods="10" elements="87" coveredelements="66" complexity="0" loc="41" ncloc="41" packages="2" files="2" classes="2"/>
    <package name="components.forecast">
      <metrics statements="21" coveredstatements="21" conditionals="12" coveredconditionals="12" methods="7" coveredmethods="7"/>
      <file name="forecast.jsx" path="/code/palmweather/src/components/forecast/forecast.jsx">
        <metrics statements="21" coveredstatements="21" conditionals="12" coveredconditionals="12" methods="7" coveredmethods="7"/>
        <line num="5" count="22" type="stmt"/>
        <line num="6" count="22" type="stmt"/>
        <line num="8" count="22" type="stmt"/>
        <line num="9" count="24" type="stmt"/>
        <line num="19" count="24" type="stmt"/>
        <line num="21" count="24" type="stmt"/>
        <line num="22" count="24" type="stmt"/>
        <line num="24" count="24" type="cond" truecount="4" falsecount="0"/>
        <line num="25" count="3" type="stmt"/>
        <line num="27" count="21" type="stmt"/>
        <line num="31" count="22" type="stmt"/>
        <line num="32" count="9" type="cond" truecount="2" falsecount="0"/>
        <line num="34" count="24" type="stmt"/>
        <line num="42" count="8" type="stmt"/>
        <line num="45" count="22" type="stmt"/>
        <line num="46" count="4" type="cond" truecount="4" falsecount="0"/>
        <line num="47" count="2" type="stmt"/>
        <line num="48" count="2" type="stmt"/>
        <line num="52" count="22" type="stmt"/>
        <line num="63" count="3" type="stmt"/>
        <line num="70" count="39" type="stmt"/>
      </file>
    </package>
    <package name="utils">
      <metrics statements="20" coveredstatements="16" conditionals="22" coveredconditionals="7" methods="5" coveredmethods="3"/>
      <file name="IconUtils.jsx" path="/code/palmweather/src/utils/IconUtils.jsx">
        <metrics statements="20" coveredstatements="16" conditionals="22" coveredconditionals="7" methods="5" coveredmethods="3"/>
        <line num="14" count="1" type="stmt"/>
        <line num="15" count="39" type="cond" truecount="1" falsecount="1"/>
        <line num="17" count="1" type="stmt"/>
        <line num="31" count="1" type="stmt"/>
        <line num="45" count="1" type="stmt"/>
        <line num="58" count="1" type="cond" truecount="0" falsecount="1"/>
        <line num="59" count="39" type="cond" truecount="1" falsecount="1"/>
        <line num="60" count="39" type="stmt"/>
        <line num="70" count="1" type="stmt"/>
        <line num="104" count="1" type="cond" truecount="1" falsecount="0"/>
        <line num="105" count="39" type="cond" truecount="1" falsecount="1"/>
        <line num="107" count="39" type="cond" truecount="1" falsecount="1"/>
        <line num="109" count="39" type="stmt"/>
        <line num="110" count="39" type="cond" truecount="1" falsecount="1"/>
        <line num="115" count="39" type="stmt"/>
        <line num="119" count="1" type="stmt"/>
        <line num="120" count="0" type="stmt"/>
        <line num="121" count="0" type="cond" truecount="0" falsecount="2"/>
        <line num="126" count="0" type="stmt"/>
        <line num="134" count="0" type="cond" truecount="0" falsecount="2"/>
      </file>
    </package>
  </project>
</coverage>
