{"/code/palmweather/src/components/forecast/forecast.jsx": {"path":"/code/palmweather/src/components/forecast/forecast.jsx","statementMap":{"0":{"start":{"line":5,"column":34},"end":{"line":5,"column":46}},"1":{"start":{"line":6,"column":38},"end":{"line":6,"column":50}},"2":{"start":{"line":8,"column":21},"end":{"line":29,"column":3}},"3":{"start":{"line":9,"column":17},"end":{"line":17,"column":5}},"4":{"start":{"line":19,"column":20},"end":{"line":19,"column":69}},"5":{"start":{"line":21,"column":17},"end":{"line":21,"column":37}},"6":{"start":{"line":22,"column":21},"end":{"line":22,"column":34}},"7":{"start":{"line":24,"column":4},"end":{"line":28,"column":5}},"8":{"start":{"line":25,"column":6},"end":{"line":25,"column":31}},"9":{"start":{"line":27,"column":6},"end":{"line":27,"column":28}},"10":{"start":{"line":31,"column":2},"end":{"line":43,"column":13}},"11":{"start":{"line":32,"column":4},"end":{"line":32,"column":45}},"12":{"start":{"line":32,"column":38},"end":{"line":32,"column":45}},"13":{"start":{"line":34,"column":26},"end":{"line":40,"column":7}},"14":{"start":{"line":34,"column":73},"end":{"line":40,"column":5}},"15":{"start":{"line":42,"column":4},"end":{"line":42,"column":31}},"16":{"start":{"line":45,"column":24},"end":{"line":50,"column":3}},"17":{"start":{"line":46,"column":4},"end":{"line":49,"column":5}},"18":{"start":{"line":47,"column":6},"end":{"line":47,"column":37}},"19":{"start":{"line":48,"column":6},"end":{"line":48,"column":24}},"20":{"start":{"line":52,"column":2},"end":{"line":98,"column":4}},"21":{"start":{"line":63,"column":27},"end":{"line":63,"column":56}},"22":{"start":{"line":70,"column":10},"end":{"line":94,"column":12}}},"fnMap":{"0":{"name":"Forecast","decl":{"start":{"line":4,"column":24},"end":{"line":4,"column":32}},"loc":{"start":{"line":4,"column":56},"end":{"line":99,"column":1}},"line":4},"1":{"name":"(anonymous_1)","decl":{"start":{"line":8,"column":21},"end":{"line":8,"column":22}},"loc":{"start":{"line":8,"column":37},"end":{"line":29,"column":3}},"line":8},"2":{"name":"(anonymous_2)","decl":{"start":{"line":31,"column":12},"end":{"line":31,"column":13}},"loc":{"start":{"line":31,"column":18},"end":{"line":43,"column":3}},"line":31},"3":{"name":"(anonymous_3)","decl":{"start":{"line":34,"column":56},"end":{"line":34,"column":57}},"loc":{"start":{"line":34,"column":73},"end":{"line":40,"column":5}},"line":34},"4":{"name":"(anonymous_4)","decl":{"start":{"line":45,"column":24},"end":{"line":45,"column":25}},"loc":{"start":{"line":45,"column":31},"end":{"line":50,"column":3}},"line":45},"5":{"name":"(anonymous_5)","decl":{"start":{"line":63,"column":20},"end":{"line":63,"column":21}},"loc":{"start":{"line":63,"column":27},"end":{"line":63,"column":56}},"line":63},"6":{"name":"(anonymous_6)","decl":{"start":{"line":69,"column":22},"end":{"line":69,"column":23}},"loc":{"start":{"line":69,"column":38},"end":{"line":95,"column":9}},"line":69}},"branchMap":{"0":{"loc":{"start":{"line":24,"column":4},"end":{"line":28,"column":5}},"type":"if","locations":[{"start":{"line":24,"column":4},"end":{"line":28,"column":5}},{"start":{"line":26,"column":11},"end":{"line":28,"column":5}}],"line":24},"1":{"loc":{"start":{"line":24,"column":8},"end":{"line":24,"column":64}},"type":"binary-expr","locations":[{"start":{"line":24,"column":8},"end":{"line":24,"column":37}},{"start":{"line":24,"column":41},"end":{"line":24,"column":64}}],"line":24},"2":{"loc":{"start":{"line":32,"column":4},"end":{"line":32,"column":45}},"type":"if","locations":[{"start":{"line":32,"column":4},"end":{"line":32,"column":45}},{"start":{},"end":{}}],"line":32},"3":{"loc":{"start":{"line":46,"column":4},"end":{"line":49,"column":5}},"type":"if","locations":[{"start":{"line":46,"column":4},"end":{"line":49,"column":5}},{"start":{},"end":{}}],"line":46},"4":{"loc":{"start":{"line":46,"column":8},"end":{"line":46,"column":53}},"type":"binary-expr","locations":[{"start":{"line":46,"column":8},"end":{"line":46,"column":25}},{"start":{"line":46,"column":29},"end":{"line":46,"column":53}}],"line":46},"5":{"loc":{"start":{"line":74,"column":19},"end":{"line":74,"column":50}},"type":"cond-expr","locations":[{"start":{"line":74,"column":33},"end":{"line":74,"column":40}},{"start":{"line":74,"column":43},"end":{"line":74,"column":50}}],"line":74}},"s":{"0":22,"1":22,"2":22,"3":24,"4":24,"5":24,"6":24,"7":24,"8":3,"9":21,"10":22,"11":9,"12":1,"13":8,"14":24,"15":8,"16":22,"17":4,"18":2,"19":2,"20":22,"21":3,"22":39},"f":{"0":22,"1":24,"2":9,"3":24,"4":4,"5":3,"6":39},"b":{"0":[3,21],"1":[24,24],"2":[1,8],"3":[2,2],"4":[4,3],"5":[13,26]},"_coverageSchema":"1a1c01bbd47fc00a2c39e90264f33305004495a9","hash":"767f1be3c5fa0af7643b1b96dd9d7f30f9ac4ba9"}
,"/code/palmweather/src/utils/IconUtils.jsx": {"path":"/code/palmweather/src/utils/IconUtils.jsx","statementMap":{"0":{"start":{"line":14,"column":22},"end":{"line":15,"column":72}},"1":{"start":{"line":15,"column":2},"end":{"line":15,"column":72}},"2":{"start":{"line":17,"column":19},"end":{"line":29,"column":1}},"3":{"start":{"line":31,"column":17},"end":{"line":43,"column":1}},"4":{"start":{"line":45,"column":17},"end":{"line":56,"column":1}},"5":{"start":{"line":58,"column":26},"end":{"line":68,"column":1}},"6":{"start":{"line":59,"column":24},"end":{"line":59,"column":53}},"7":{"start":{"line":60,"column":2},"end":{"line":67,"column":4}},"8":{"start":{"line":70,"column":29},"end":{"line":102,"column":1}},"9":{"start":{"line":104,"column":30},"end":{"line":116,"column":1}},"10":{"start":{"line":105,"column":2},"end":{"line":105,"column":55}},"11":{"start":{"line":105,"column":13},"end":{"line":105,"column":55}},"12":{"start":{"line":107,"column":2},"end":{"line":107,"column":99}},"13":{"start":{"line":107,"column":42},"end":{"line":107,"column":99}},"14":{"start":{"line":109,"column":25},"end":{"line":109,"column":50}},"15":{"start":{"line":110,"column":18},"end":{"line":113,"column":3}},"16":{"start":{"line":115,"column":2},"end":{"line":115,"column":54}},"17":{"start":{"line":119,"column":31},"end":{"line":127,"column":1}},"18":{"start":{"line":120,"column":25},"end":{"line":120,"column":50}},"19":{"start":{"line":121,"column":18},"end":{"line":124,"column":3}},"20":{"start":{"line":126,"column":2},"end":{"line":126,"column":32}},"21":{"start":{"line":134,"column":85},"end":{"line":134,"column":46514}},"22":{"start":{"line":134,"column":89},"end":{"line":134,"column":46486}},"23":{"start":{"line":134,"column":46496},"end":{"line":134,"column":46513}}},"fnMap":{"0":{"name":"(anonymous_0)","decl":{"start":{"line":14,"column":22},"end":{"line":14,"column":23}},"loc":{"start":{"line":15,"column":2},"end":{"line":15,"column":72}},"line":15},"1":{"name":"(anonymous_1)","decl":{"start":{"line":58,"column":26},"end":{"line":58,"column":27}},"loc":{"start":{"line":58,"column":64},"end":{"line":68,"column":1}},"line":58},"2":{"name":"(anonymous_2)","decl":{"start":{"line":104,"column":30},"end":{"line":104,"column":31}},"loc":{"start":{"line":104,"column":60},"end":{"line":116,"column":1}},"line":104},"3":{"name":"(anonymous_3)","decl":{"start":{"line":119,"column":31},"end":{"line":119,"column":32}},"loc":{"start":{"line":119,"column":41},"end":{"line":127,"column":1}},"line":119},"4":{"name":"oo_cm","decl":{"start":{"line":134,"column":77},"end":{"line":134,"column":82}},"loc":{"start":{"line":134,"column":84},"end":{"line":134,"column":46515}},"line":134}},"branchMap":{"0":{"loc":{"start":{"line":15,"column":2},"end":{"line":15,"column":72}},"type":"cond-expr","locations":[{"start":{"line":15,"column":19},"end":{"line":15,"column":46}},{"start":{"line":15,"column":49},"end":{"line":15,"column":72}}],"line":15},"1":{"loc":{"start":{"line":58,"column":43},"end":{"line":58,"column":59}},"type":"default-arg","locations":[{"start":{"line":58,"column":50},"end":{"line":58,"column":59}}],"line":58},"2":{"loc":{"start":{"line":59,"column":24},"end":{"line":59,"column":53}},"type":"binary-expr","locations":[{"start":{"line":59,"column":24},"end":{"line":59,"column":42}},{"start":{"line":59,"column":46},"end":{"line":59,"column":53}}],"line":59},"3":{"loc":{"start":{"line":63,"column":20},"end":{"line":63,"column":58}},"type":"binary-expr","locations":[{"start":{"line":63,"column":20},"end":{"line":63,"column":36}},{"start":{"line":63,"column":40},"end":{"line":63,"column":58}}],"line":63},"4":{"loc":{"start":{"line":104,"column":43},"end":{"line":104,"column":55}},"type":"default-arg","locations":[{"start":{"line":104,"column":51},"end":{"line":104,"column":55}}],"line":104},"5":{"loc":{"start":{"line":105,"column":2},"end":{"line":105,"column":55}},"type":"if","locations":[{"start":{"line":105,"column":2},"end":{"line":105,"column":55}},{"start":{},"end":{}}],"line":105},"6":{"loc":{"start":{"line":107,"column":2},"end":{"line":107,"column":99}},"type":"if","locations":[{"start":{"line":107,"column":2},"end":{"line":107,"column":99}},{"start":{},"end":{}}],"line":107},"7":{"loc":{"start":{"line":110,"column":18},"end":{"line":113,"column":3}},"type":"binary-expr","locations":[{"start":{"line":110,"column":18},"end":{"line":110,"column":54}},{"start":{"line":110,"column":58},"end":{"line":113,"column":3}}],"line":110},"8":{"loc":{"start":{"line":111,"column":10},"end":{"line":111,"column":40}},"type":"cond-expr","locations":[{"start":{"line":111,"column":18},"end":{"line":111,"column":27}},{"start":{"line":111,"column":30},"end":{"line":111,"column":40}}],"line":111},"9":{"loc":{"start":{"line":112,"column":10},"end":{"line":112,"column":32}},"type":"cond-expr","locations":[{"start":{"line":112,"column":18},"end":{"line":112,"column":23}},{"start":{"line":112,"column":26},"end":{"line":112,"column":32}}],"line":112},"10":{"loc":{"start":{"line":121,"column":18},"end":{"line":124,"column":3}},"type":"binary-expr","locations":[{"start":{"line":121,"column":18},"end":{"line":121,"column":54}},{"start":{"line":121,"column":58},"end":{"line":124,"column":3}}],"line":121},"11":{"loc":{"start":{"line":134,"column":96},"end":{"line":134,"column":46485}},"type":"binary-expr","locations":[{"start":{"line":134,"column":96},"end":{"line":134,"column":133}},{"start":{"line":134,"column":137},"end":{"line":134,"column":46485}}],"line":134}},"s":{"0":1,"1":39,"2":1,"3":1,"4":1,"5":1,"6":39,"7":39,"8":1,"9":1,"10":39,"11":0,"12":39,"13":0,"14":39,"15":39,"16":39,"17":1,"18":0,"19":0,"20":0,"21":0,"22":0,"23":0},"f":{"0":39,"1":39,"2":39,"3":0,"4":0},"b":{"0":[0,39],"1":[0],"2":[39,0],"3":[39,0],"4":[39],"5":[0,39],"6":[0,39],"7":[39,0],"8":[0,0],"9":[0,0],"10":[0,0],"11":[0,0]},"_coverageSchema":"1a1c01bbd47fc00a2c39e90264f33305004495a9","hash":"b6adcdb325361fcba2931b22ded63f22f9dd9c2e"}
}
