TN:
SF:src/components/forecast/forecast.jsx
FN:4,Forecast
FN:8,(anonymous_1)
FN:31,(anonymous_2)
FN:34,(anonymous_3)
FN:45,(anonymous_4)
FN:63,(anonymous_5)
FN:69,(anonymous_6)
FNF:7
FNH:7
FNDA:22,Forecast
FNDA:24,(anonymous_1)
FNDA:9,(anonymous_2)
FNDA:24,(anonymous_3)
FNDA:4,(anonymous_4)
FNDA:3,(anonymous_5)
FNDA:39,(anonymous_6)
DA:5,22
DA:6,22
DA:8,22
DA:9,24
DA:19,24
DA:21,24
DA:22,24
DA:24,24
DA:25,3
DA:27,21
DA:31,22
DA:32,9
DA:34,24
DA:42,8
DA:45,22
DA:46,4
DA:47,2
DA:48,2
DA:52,22
DA:63,3
DA:70,39
LF:21
LH:21
BRDA:24,0,0,3
BRDA:24,0,1,21
BRDA:24,1,0,24
BRDA:24,1,1,24
BRDA:32,2,0,1
BRDA:32,2,1,8
BRDA:46,3,0,2
BRDA:46,3,1,2
BRDA:46,4,0,4
BRDA:46,4,1,3
BRDA:74,5,0,13
BRDA:74,5,1,26
BRF:12
BRH:12
end_of_record
TN:
SF:src/utils/IconUtils.jsx
FN:14,(anonymous_0)
FN:58,(anonymous_1)
FN:104,(anonymous_2)
FN:119,(anonymous_3)
FN:134,oo_cm
FNF:5
FNH:3
FNDA:39,(anonymous_0)
FNDA:39,(anonymous_1)
FNDA:39,(anonymous_2)
FNDA:0,(anonymous_3)
FNDA:0,oo_cm
DA:14,1
DA:15,39
DA:17,1
DA:31,1
DA:45,1
DA:58,1
DA:59,39
DA:60,39
DA:70,1
DA:104,1
DA:105,39
DA:107,39
DA:109,39
DA:110,39
DA:115,39
DA:119,1
DA:120,0
DA:121,0
DA:126,0
DA:134,0
LF:20
LH:16
BRDA:15,0,0,0
BRDA:15,0,1,39
BRDA:58,1,0,0
BRDA:59,2,0,39
BRDA:59,2,1,0
BRDA:63,3,0,39
BRDA:63,3,1,0
BRDA:104,4,0,39
BRDA:105,5,0,0
BRDA:105,5,1,39
BRDA:107,6,0,0
BRDA:107,6,1,39
BRDA:110,7,0,39
BRDA:110,7,1,0
BRDA:111,8,0,0
BRDA:111,8,1,0
BRDA:112,9,0,0
BRDA:112,9,1,0
BRDA:121,10,0,0
BRDA:121,10,1,0
BRDA:134,11,0,0
BRDA:134,11,1,0
BRF:22
BRH:7
end_of_record
